INFO: [VRFC 10-2263] Analyzing SystemVerilog file "C:/Users/crmbi/Comp541/projectA/projectA.srcs/sources_1/imports/sources_1/imports/sources_1/imports/new/fulladder.sv" into library xil_defaultlib
INFO: [VRFC 10-311] analyzing module fulladder
INFO: [VRFC 10-2263] Analyzing SystemVerilog file "C:/Users/crmbi/Comp541/projectA/projectA.srcs/sources_1/imports/sources_1/imports/sources_1/imports/new/adder.sv" into library xil_defaultlib
INFO: [VRFC 10-311] analyzing module adder
INFO: [VRFC 10-2263] Analyzing SystemVerilog file "C:/Users/crmbi/Comp541/projectA/projectA.srcs/sources_1/imports/sources_1/imports/sources_1/imports/new/shifter.sv" into library xil_defaultlib
INFO: [VRFC 10-311] analyzing module shifter
INFO: [VRFC 10-2263] Analyzing SystemVerilog file "C:/Users/crmbi/Comp541/projectA/projectA.srcs/sources_1/imports/sources_1/imports/sources_1/imports/new/logical.sv" into library xil_defaultlib
INFO: [VRFC 10-311] analyzing module logical
INFO: [VRFC 10-2263] Analyzing SystemVerilog file "C:/Users/crmbi/Comp541/projectA/projectA.srcs/sources_1/imports/sources_1/imports/sources_1/imports/new/comparator.sv" into library xil_defaultlib
INFO: [VRFC 10-311] analyzing module comparator
INFO: [VRFC 10-2263] Analyzing SystemVerilog file "C:/Users/crmbi/Comp541/projectA/projectA.srcs/sources_1/imports/sources_1/imports/sources_1/imports/new/addsub.sv" into library xil_defaultlib
INFO: [VRFC 10-311] analyzing module addsub
INFO: [VRFC 10-2263] Analyzing SystemVerilog file "C:/Users/crmbi/Comp541/projectA/projectA.srcs/sources_1/imports/sources_1/imports/sources_1/imports/Desktop/register_file.sv" into library xil_defaultlib
INFO: [VRFC 10-311] analyzing module register_file
INFO: [VRFC 10-2263] Analyzing SystemVerilog file "C:/Users/crmbi/Comp541/projectA/projectA.srcs/sources_1/imports/sources_1/imports/sources_1/imports/new/ALU.sv" into library xil_defaultlib
INFO: [VRFC 10-311] analyzing module ALU
INFO: [VRFC 10-2263] Analyzing SystemVerilog file "C:/Users/crmbi/Comp541/projectA/projectA.srcs/sources_1/imports/new/xycounter.sv" into library xil_defaultlib
INFO: [VRFC 10-311] analyzing module xycounter
INFO: [VRFC 10-2263] Analyzing SystemVerilog file "C:/Users/crmbi/Comp541/projectA/projectA.srcs/sources_1/imports/sources_1/new/dmem.sv" into library xil_defaultlib
INFO: [VRFC 10-311] analyzing module dmem
INFO: [VRFC 10-2263] Analyzing SystemVerilog file "C:/Users/crmbi/Comp541/projectA/projectA.srcs/sources_1/imports/sources_1/imports/sources_1/new/datapath.sv" into library xil_defaultlib
INFO: [VRFC 10-311] analyzing module datapath
INFO: [VRFC 10-2263] Analyzing SystemVerilog file "C:/Users/crmbi/Comp541/projectA/projectA.srcs/sources_1/imports/sources_1/imports/sources_1/imports/Desktop/controller.sv" into library xil_defaultlib
INFO: [VRFC 10-311] analyzing module controller
INFO: [VRFC 10-2263] Analyzing SystemVerilog file "C:/Users/crmbi/Comp541/projectA/projectA.srcs/sources_1/new/bitmapmem.sv" into library xil_defaultlib
INFO: [VRFC 10-311] analyzing module bitmapmem
INFO: [VRFC 10-2263] Analyzing SystemVerilog file "C:/Users/crmbi/Comp541/projectA/projectA.srcs/sources_1/imports/sources_1/new/vgatimer.sv" into library xil_defaultlib
INFO: [VRFC 10-311] analyzing module vgatimer
INFO: [VRFC 10-2263] Analyzing SystemVerilog file "C:/Users/crmbi/Comp541/projectA/projectA.srcs/sources_1/new/screenmem.sv" into library xil_defaultlib
INFO: [VRFC 10-311] analyzing module screenmem
INFO: [VRFC 10-2263] Analyzing SystemVerilog file "C:/Users/crmbi/Comp541/projectA/projectA.srcs/sources_1/imports/sources_1/imports/Desktop/mips.sv" into library xil_defaultlib
INFO: [VRFC 10-311] analyzing module mips
INFO: [VRFC 10-2263] Analyzing SystemVerilog file "C:/Users/crmbi/Comp541/projectA/projectA.srcs/sources_1/new/memIO.sv" into library xil_defaultlib
INFO: [VRFC 10-311] analyzing module memIO
INFO: [VRFC 10-2263] Analyzing SystemVerilog file "C:/Users/crmbi/Comp541/projectA/projectA.srcs/sources_1/imports/sources_1/new/imem.sv" into library xil_defaultlib
INFO: [VRFC 10-311] analyzing module imem
INFO: [VRFC 10-2263] Analyzing SystemVerilog file "C:/Users/crmbi/Comp541/projectA/projectA.srcs/sources_1/imports/sources_1/imports/Desktop/vgadisplaydriver.sv" into library xil_defaultlib
INFO: [VRFC 10-311] analyzing module vgadisplaydriver
INFO: [VRFC 10-2263] Analyzing SystemVerilog file "C:/Users/crmbi/Comp541/projectA/projectA.srcs/sources_1/imports/Desktop/top.sv" into library xil_defaultlib
INFO: [VRFC 10-311] analyzing module top
INFO: [VRFC 10-2263] Analyzing SystemVerilog file "C:/Users/crmbi/Comp541/projectA/projectA.srcs/sim_1/imports/Desktop/tester_screentest.sv" into library xil_defaultlib
INFO: [VRFC 10-311] analyzing module project_screentest
INFO: [VRFC 10-311] analyzing module selfcheck_nopause
INFO: [VRFC 10-2263] Analyzing Verilog file "C:/Users/crmbi/Comp541/projectA/projectA.sim/sim_1/behav/glbl.v" into library xil_defaultlib
INFO: [VRFC 10-311] analyzing module glbl
