
*** Running vivado
    with args -log top.vds -m64 -product Vivado -mode batch -messageDb vivado.pb -notrace -source top.tcl


****** Vivado v2016.4 (64-bit)
  **** SW Build 1733598 on Wed Dec 14 22:35:39 MST 2016
  **** IP Build 1731160 on Wed Dec 14 23:47:21 MST 2016
    ** Copyright 1986-2016 Xilinx, Inc. All Rights Reserved.

source top.tcl -notrace
Command: synth_design -top top -part xc7a100tcsg324-1
Starting synth_design
Attempting to get a license for feature 'Synthesis' and/or device 'xc7a100t'
INFO: [Common 17-349] Got license for feature 'Synthesis' and/or device 'xc7a100t'
INFO: Launching helper process for spawning children vivado processes
INFO: Helper process launched with PID 2324 
WARNING: [Synth 8-2611] redeclaration of ansi port clkin is not allowed [C:/Users/crmbi/Comp541/projectA/projectA.srcs/sources_1/imports/Desktop/clockdiv.sv:13]
WARNING: [Synth 8-976] clkin has already been declared [C:/Users/crmbi/Comp541/projectA/projectA.srcs/sources_1/imports/Desktop/clockdiv.sv:13]
WARNING: [Synth 8-2654] second declaration of clkin ignored [C:/Users/crmbi/Comp541/projectA/projectA.srcs/sources_1/imports/Desktop/clockdiv.sv:13]
INFO: [Synth 8-994] clkin is declared here [C:/Users/crmbi/Comp541/projectA/projectA.srcs/sources_1/imports/Desktop/clockdiv.sv:11]
---------------------------------------------------------------------------------
Starting RTL Elaboration : Time (s): cpu = 00:00:05 ; elapsed = 00:00:06 . Memory (MB): peak = 287.305 ; gain = 77.656
---------------------------------------------------------------------------------
INFO: [Synth 8-638] synthesizing module 'top' [C:/Users/crmbi/Comp541/projectA/projectA.srcs/sources_1/imports/Desktop/top.sv:11]
	Parameter smem_init bound to: smem_screentest.mem - type: string 
	Parameter bmem_init bound to: bmem_screentest.mem - type: string 
	Parameter imem_init bound to: imem_screentest_nopause.mem - type: string 
	Parameter dmem_init bound to: dmem_screentest.mem - type: string 
INFO: [Synth 8-638] synthesizing module 'clockdivider_Nexys4' [C:/Users/crmbi/Comp541/projectA/projectA.srcs/sources_1/imports/Desktop/clockdiv.sv:11]
	Parameter N bound to: 2 - type: integer 
INFO: [Synth 8-638] synthesizing module 'MMCME2_BASE' [C:/Xilinx/Vivado/2016.4/scripts/rt/data/unisim_comp.v:20534]
	Parameter BANDWIDTH bound to: OPTIMIZED - type: string 
	Parameter CLKFBOUT_MULT_F bound to: 10.000000 - type: float 
	Parameter CLKFBOUT_PHASE bound to: 0.000000 - type: float 
	Parameter CLKIN1_PERIOD bound to: 10.000000 - type: float 
	Parameter CLKOUT0_DIVIDE_F bound to: 10.000000 - type: float 
	Parameter CLKOUT0_DUTY_CYCLE bound to: 0.500000 - type: float 
	Parameter CLKOUT0_PHASE bound to: 0.000000 - type: float 
	Parameter CLKOUT1_DIVIDE bound to: 20 - type: integer 
	Parameter CLKOUT1_DUTY_CYCLE bound to: 0.500000 - type: float 
	Parameter CLKOUT1_PHASE bound to: 0.000000 - type: float 
	Parameter CLKOUT2_DIVIDE bound to: 40 - type: integer 
	Parameter CLKOUT2_DUTY_CYCLE bound to: 0.500000 - type: float 
	Parameter CLKOUT2_PHASE bound to: 0.000000 - type: float 
	Parameter CLKOUT3_DIVIDE bound to: 80 - type: integer 
	Parameter CLKOUT3_DUTY_CYCLE bound to: 0.500000 - type: float 
	Parameter CLKOUT3_PHASE bound to: 0.000000 - type: float 
	Parameter CLKOUT4_CASCADE bound to: FALSE - type: string 
	Parameter CLKOUT4_DIVIDE bound to: 1 - type: integer 
	Parameter CLKOUT4_DUTY_CYCLE bound to: 0.500000 - type: float 
	Parameter CLKOUT4_PHASE bound to: 0.000000 - type: float 
	Parameter CLKOUT5_DIVIDE bound to: 1 - type: integer 
	Parameter CLKOUT5_DUTY_CYCLE bound to: 0.500000 - type: float 
	Parameter CLKOUT5_PHASE bound to: 0.000000 - type: float 
	Parameter CLKOUT6_DIVIDE bound to: 1 - type: integer 
	Parameter CLKOUT6_DUTY_CYCLE bound to: 0.500000 - type: float 
	Parameter CLKOUT6_PHASE bound to: 0.000000 - type: float 
	Parameter DIVCLK_DIVIDE bound to: 1 - type: integer 
	Parameter REF_JITTER1 bound to: 0.010000 - type: float 
	Parameter STARTUP_WAIT bound to: FALSE - type: string 
INFO: [Synth 8-256] done synthesizing module 'MMCME2_BASE' (1#1) [C:/Xilinx/Vivado/2016.4/scripts/rt/data/unisim_comp.v:20534]
WARNING: [Synth 8-350] instance 'mmcm' of module 'MMCME2_BASE' requires 18 connections, but only 10 given [C:/Users/crmbi/Comp541/projectA/projectA.srcs/sources_1/imports/Desktop/clockdiv.sv:17]
INFO: [Synth 8-638] synthesizing module 'BUFG' [C:/Xilinx/Vivado/2016.4/scripts/rt/data/unisim_comp.v:607]
INFO: [Synth 8-256] done synthesizing module 'BUFG' (2#1) [C:/Xilinx/Vivado/2016.4/scripts/rt/data/unisim_comp.v:607]
INFO: [Synth 8-638] synthesizing module 'INV' [C:/Xilinx/Vivado/2016.4/scripts/rt/data/unisim_comp.v:17255]
INFO: [Synth 8-256] done synthesizing module 'INV' (3#1) [C:/Xilinx/Vivado/2016.4/scripts/rt/data/unisim_comp.v:17255]
INFO: [Synth 8-638] synthesizing module 'BUFGMUX' [C:/Xilinx/Vivado/2016.4/scripts/rt/data/unisim_comp.v:696]
	Parameter CLK_SEL_TYPE bound to: ASYNC - type: string 
INFO: [Synth 8-256] done synthesizing module 'BUFGMUX' (4#1) [C:/Xilinx/Vivado/2016.4/scripts/rt/data/unisim_comp.v:696]
INFO: [Synth 8-256] done synthesizing module 'clockdivider_Nexys4' (5#1) [C:/Users/crmbi/Comp541/projectA/projectA.srcs/sources_1/imports/Desktop/clockdiv.sv:11]
INFO: [Synth 8-638] synthesizing module 'mips' [C:/Users/crmbi/Comp541/projectA/projectA.srcs/sources_1/imports/sources_1/imports/Desktop/mips.sv:11]
INFO: [Synth 8-638] synthesizing module 'controller' [C:/Users/crmbi/Comp541/projectA/projectA.srcs/sources_1/imports/sources_1/imports/sources_1/imports/Desktop/controller.sv:48]
INFO: [Synth 8-256] done synthesizing module 'controller' (6#1) [C:/Users/crmbi/Comp541/projectA/projectA.srcs/sources_1/imports/sources_1/imports/sources_1/imports/Desktop/controller.sv:48]
INFO: [Synth 8-638] synthesizing module 'datapath' [C:/Users/crmbi/Comp541/projectA/projectA.srcs/sources_1/imports/sources_1/imports/sources_1/new/datapath.sv:23]
	Parameter Dbits bound to: 32 - type: integer 
	Parameter Nloc bound to: 64 - type: integer 
INFO: [Synth 8-638] synthesizing module 'register_file' [C:/Users/crmbi/Comp541/projectA/projectA.srcs/sources_1/imports/sources_1/imports/sources_1/imports/Desktop/register_file.sv:11]
	Parameter Dbits bound to: 32 - type: integer 
	Parameter Nloc bound to: 32 - type: integer 
INFO: [Synth 8-256] done synthesizing module 'register_file' (7#1) [C:/Users/crmbi/Comp541/projectA/projectA.srcs/sources_1/imports/sources_1/imports/sources_1/imports/Desktop/register_file.sv:11]
INFO: [Synth 8-638] synthesizing module 'ALU' [C:/Users/crmbi/Comp541/projectA/projectA.srcs/sources_1/imports/sources_1/imports/sources_1/imports/new/ALU.sv:23]
	Parameter N bound to: 32 - type: integer 
INFO: [Synth 8-638] synthesizing module 'addsub' [C:/Users/crmbi/Comp541/projectA/projectA.srcs/sources_1/imports/sources_1/imports/sources_1/imports/new/addsub.sv:23]
	Parameter N bound to: 32 - type: integer 
INFO: [Synth 8-638] synthesizing module 'adder' [C:/Users/crmbi/Comp541/projectA/projectA.srcs/sources_1/imports/sources_1/imports/sources_1/imports/new/adder.sv:1]
	Parameter N bound to: 32 - type: integer 
INFO: [Synth 8-638] synthesizing module 'fulladder' [C:/Users/crmbi/Comp541/projectA/projectA.srcs/sources_1/imports/sources_1/imports/sources_1/imports/new/fulladder.sv:23]
INFO: [Synth 8-256] done synthesizing module 'fulladder' (8#1) [C:/Users/crmbi/Comp541/projectA/projectA.srcs/sources_1/imports/sources_1/imports/sources_1/imports/new/fulladder.sv:23]
INFO: [Synth 8-256] done synthesizing module 'adder' (9#1) [C:/Users/crmbi/Comp541/projectA/projectA.srcs/sources_1/imports/sources_1/imports/sources_1/imports/new/adder.sv:1]
INFO: [Synth 8-256] done synthesizing module 'addsub' (10#1) [C:/Users/crmbi/Comp541/projectA/projectA.srcs/sources_1/imports/sources_1/imports/sources_1/imports/new/addsub.sv:23]
INFO: [Synth 8-638] synthesizing module 'shifter' [C:/Users/crmbi/Comp541/projectA/projectA.srcs/sources_1/imports/sources_1/imports/sources_1/imports/new/shifter.sv:24]
	Parameter N bound to: 32 - type: integer 
INFO: [Synth 8-256] done synthesizing module 'shifter' (11#1) [C:/Users/crmbi/Comp541/projectA/projectA.srcs/sources_1/imports/sources_1/imports/sources_1/imports/new/shifter.sv:24]
INFO: [Synth 8-638] synthesizing module 'logical' [C:/Users/crmbi/Comp541/projectA/projectA.srcs/sources_1/imports/sources_1/imports/sources_1/imports/new/logical.sv:23]
	Parameter N bound to: 32 - type: integer 
INFO: [Synth 8-256] done synthesizing module 'logical' (12#1) [C:/Users/crmbi/Comp541/projectA/projectA.srcs/sources_1/imports/sources_1/imports/sources_1/imports/new/logical.sv:23]
INFO: [Synth 8-638] synthesizing module 'comparator' [C:/Users/crmbi/Comp541/projectA/projectA.srcs/sources_1/imports/sources_1/imports/sources_1/imports/new/comparator.sv:24]
INFO: [Synth 8-256] done synthesizing module 'comparator' (13#1) [C:/Users/crmbi/Comp541/projectA/projectA.srcs/sources_1/imports/sources_1/imports/sources_1/imports/new/comparator.sv:24]
INFO: [Synth 8-256] done synthesizing module 'ALU' (14#1) [C:/Users/crmbi/Comp541/projectA/projectA.srcs/sources_1/imports/sources_1/imports/sources_1/imports/new/ALU.sv:23]
INFO: [Synth 8-256] done synthesizing module 'datapath' (15#1) [C:/Users/crmbi/Comp541/projectA/projectA.srcs/sources_1/imports/sources_1/imports/sources_1/new/datapath.sv:23]
WARNING: [Synth 8-3848] Net Z in module/entity mips does not have driver. [C:/Users/crmbi/Comp541/projectA/projectA.srcs/sources_1/imports/sources_1/imports/Desktop/mips.sv:24]
INFO: [Synth 8-256] done synthesizing module 'mips' (16#1) [C:/Users/crmbi/Comp541/projectA/projectA.srcs/sources_1/imports/sources_1/imports/Desktop/mips.sv:11]
INFO: [Synth 8-638] synthesizing module 'imem' [C:/Users/crmbi/Comp541/projectA/projectA.srcs/sources_1/imports/sources_1/new/imem.sv:23]
	Parameter Nloc bound to: 128 - type: integer 
	Parameter Dbits bound to: 32 - type: integer 
	Parameter initfile bound to: imem_screentest_nopause.mem - type: string 
INFO: [Synth 8-3876] $readmem data file 'imem_screentest_nopause.mem' is read successfully [C:/Users/crmbi/Comp541/projectA/projectA.srcs/sources_1/imports/sources_1/new/imem.sv:33]
INFO: [Synth 8-256] done synthesizing module 'imem' (17#1) [C:/Users/crmbi/Comp541/projectA/projectA.srcs/sources_1/imports/sources_1/new/imem.sv:23]
INFO: [Synth 8-638] synthesizing module 'memIO' [C:/Users/crmbi/Comp541/projectA/projectA.srcs/sources_1/new/memIO.sv:23]
	Parameter dmem_init bound to: dmem_screentest.mem - type: string 
	Parameter smem_init bound to: smem_screentest.mem - type: string 
INFO: [Synth 8-638] synthesizing module 'dmem' [C:/Users/crmbi/Comp541/projectA/projectA.srcs/sources_1/imports/sources_1/new/dmem.sv:23]
	Parameter Nloc bound to: 64 - type: integer 
	Parameter Dbits bound to: 32 - type: integer 
	Parameter initfile bound to: dmem_screentest.mem - type: string 
INFO: [Synth 8-3876] $readmem data file 'dmem_screentest.mem' is read successfully [C:/Users/crmbi/Comp541/projectA/projectA.srcs/sources_1/imports/sources_1/new/dmem.sv:37]
INFO: [Synth 8-256] done synthesizing module 'dmem' (18#1) [C:/Users/crmbi/Comp541/projectA/projectA.srcs/sources_1/imports/sources_1/new/dmem.sv:23]
WARNING: [Synth 8-689] width (16) of port connection 'addr' does not match port width (8) of module 'dmem' [C:/Users/crmbi/Comp541/projectA/projectA.srcs/sources_1/new/memIO.sv:46]
INFO: [Synth 8-638] synthesizing module 'screenmem' [C:/Users/crmbi/Comp541/projectA/projectA.srcs/sources_1/new/screenmem.sv:23]
	Parameter Nloc bound to: 1200 - type: integer 
	Parameter Dbits bound to: 4 - type: integer 
	Parameter initfile bound to: smem_screentest.mem - type: string 
INFO: [Synth 8-3876] $readmem data file 'smem_screentest.mem' is read successfully [C:/Users/crmbi/Comp541/projectA/projectA.srcs/sources_1/new/screenmem.sv:39]
INFO: [Synth 8-256] done synthesizing module 'screenmem' (19#1) [C:/Users/crmbi/Comp541/projectA/projectA.srcs/sources_1/new/screenmem.sv:23]
WARNING: [Synth 8-689] width (16) of port connection 'mipAddr' does not match port width (13) of module 'screenmem' [C:/Users/crmbi/Comp541/projectA/projectA.srcs/sources_1/new/memIO.sv:47]
WARNING: [Synth 8-689] width (32) of port connection 'din' does not match port width (4) of module 'screenmem' [C:/Users/crmbi/Comp541/projectA/projectA.srcs/sources_1/new/memIO.sv:47]
INFO: [Synth 8-256] done synthesizing module 'memIO' (20#1) [C:/Users/crmbi/Comp541/projectA/projectA.srcs/sources_1/new/memIO.sv:23]
INFO: [Synth 8-638] synthesizing module 'vgadisplaydriver' [C:/Users/crmbi/Comp541/projectA/projectA.srcs/sources_1/imports/sources_1/imports/Desktop/vgadisplaydriver.sv:13]
	Parameter initfile bound to: bmem_screentest.mem - type: string 
INFO: [Synth 8-638] synthesizing module 'vgatimer' [C:/Users/crmbi/Comp541/projectA/projectA.srcs/sources_1/imports/sources_1/new/vgatimer.sv:25]
INFO: [Synth 8-638] synthesizing module 'xycounter' [C:/Users/crmbi/Comp541/projectA/projectA.srcs/sources_1/imports/new/xycounter.sv:24]
	Parameter width bound to: 800 - type: integer 
	Parameter height bound to: 525 - type: integer 
INFO: [Synth 8-256] done synthesizing module 'xycounter' (21#1) [C:/Users/crmbi/Comp541/projectA/projectA.srcs/sources_1/imports/new/xycounter.sv:24]
INFO: [Synth 8-256] done synthesizing module 'vgatimer' (22#1) [C:/Users/crmbi/Comp541/projectA/projectA.srcs/sources_1/imports/sources_1/new/vgatimer.sv:25]
INFO: [Synth 8-638] synthesizing module 'bitmapmem' [C:/Users/crmbi/Comp541/projectA/projectA.srcs/sources_1/new/bitmapmem.sv:23]
	Parameter Nloc bound to: 1024 - type: integer 
	Parameter Dbits bound to: 12 - type: integer 
	Parameter initfile bound to: bmem_screentest.mem - type: string 
INFO: [Synth 8-3876] $readmem data file 'bmem_screentest.mem' is read successfully [C:/Users/crmbi/Comp541/projectA/projectA.srcs/sources_1/new/bitmapmem.sv:35]
INFO: [Synth 8-256] done synthesizing module 'bitmapmem' (23#1) [C:/Users/crmbi/Comp541/projectA/projectA.srcs/sources_1/new/bitmapmem.sv:23]
INFO: [Synth 8-256] done synthesizing module 'vgadisplaydriver' (24#1) [C:/Users/crmbi/Comp541/projectA/projectA.srcs/sources_1/imports/sources_1/imports/Desktop/vgadisplaydriver.sv:13]
INFO: [Synth 8-256] done synthesizing module 'top' (25#1) [C:/Users/crmbi/Comp541/projectA/projectA.srcs/sources_1/imports/Desktop/top.sv:11]
WARNING: [Synth 8-3331] design screenmem has unconnected port vgaAddr[12]
WARNING: [Synth 8-3331] design screenmem has unconnected port vgaAddr[11]
WARNING: [Synth 8-3331] design screenmem has unconnected port mipAddr[1]
WARNING: [Synth 8-3331] design screenmem has unconnected port mipAddr[0]
WARNING: [Synth 8-3331] design dmem has unconnected port addr[1]
WARNING: [Synth 8-3331] design dmem has unconnected port addr[0]
WARNING: [Synth 8-3331] design memIO has unconnected port mem_addr[31]
WARNING: [Synth 8-3331] design memIO has unconnected port mem_addr[30]
WARNING: [Synth 8-3331] design memIO has unconnected port mem_addr[29]
WARNING: [Synth 8-3331] design memIO has unconnected port mem_addr[28]
WARNING: [Synth 8-3331] design memIO has unconnected port mem_addr[27]
WARNING: [Synth 8-3331] design memIO has unconnected port mem_addr[26]
WARNING: [Synth 8-3331] design memIO has unconnected port mem_addr[25]
WARNING: [Synth 8-3331] design memIO has unconnected port mem_addr[24]
WARNING: [Synth 8-3331] design memIO has unconnected port mem_addr[23]
WARNING: [Synth 8-3331] design memIO has unconnected port mem_addr[22]
WARNING: [Synth 8-3331] design memIO has unconnected port mem_addr[21]
WARNING: [Synth 8-3331] design memIO has unconnected port mem_addr[20]
WARNING: [Synth 8-3331] design memIO has unconnected port mem_addr[19]
WARNING: [Synth 8-3331] design memIO has unconnected port mem_addr[18]
WARNING: [Synth 8-3331] design memIO has unconnected port mem_addr[15]
WARNING: [Synth 8-3331] design memIO has unconnected port mem_addr[14]
WARNING: [Synth 8-3331] design memIO has unconnected port mem_addr[13]
WARNING: [Synth 8-3331] design memIO has unconnected port smem_addr[31]
WARNING: [Synth 8-3331] design memIO has unconnected port smem_addr[30]
WARNING: [Synth 8-3331] design memIO has unconnected port smem_addr[29]
WARNING: [Synth 8-3331] design memIO has unconnected port smem_addr[28]
WARNING: [Synth 8-3331] design memIO has unconnected port smem_addr[27]
WARNING: [Synth 8-3331] design memIO has unconnected port smem_addr[26]
WARNING: [Synth 8-3331] design memIO has unconnected port smem_addr[25]
WARNING: [Synth 8-3331] design memIO has unconnected port smem_addr[24]
WARNING: [Synth 8-3331] design memIO has unconnected port smem_addr[23]
WARNING: [Synth 8-3331] design memIO has unconnected port smem_addr[22]
WARNING: [Synth 8-3331] design memIO has unconnected port smem_addr[21]
WARNING: [Synth 8-3331] design memIO has unconnected port smem_addr[20]
WARNING: [Synth 8-3331] design memIO has unconnected port smem_addr[19]
WARNING: [Synth 8-3331] design memIO has unconnected port smem_addr[18]
WARNING: [Synth 8-3331] design memIO has unconnected port smem_addr[17]
WARNING: [Synth 8-3331] design memIO has unconnected port smem_addr[16]
WARNING: [Synth 8-3331] design memIO has unconnected port smem_addr[15]
WARNING: [Synth 8-3331] design memIO has unconnected port smem_addr[14]
WARNING: [Synth 8-3331] design memIO has unconnected port smem_addr[13]
WARNING: [Synth 8-3331] design imem has unconnected port pc[31]
WARNING: [Synth 8-3331] design imem has unconnected port pc[30]
WARNING: [Synth 8-3331] design imem has unconnected port pc[29]
WARNING: [Synth 8-3331] design imem has unconnected port pc[28]
WARNING: [Synth 8-3331] design imem has unconnected port pc[27]
WARNING: [Synth 8-3331] design imem has unconnected port pc[26]
WARNING: [Synth 8-3331] design imem has unconnected port pc[25]
WARNING: [Synth 8-3331] design imem has unconnected port pc[24]
WARNING: [Synth 8-3331] design imem has unconnected port pc[23]
WARNING: [Synth 8-3331] design imem has unconnected port pc[22]
WARNING: [Synth 8-3331] design imem has unconnected port pc[21]
WARNING: [Synth 8-3331] design imem has unconnected port pc[20]
WARNING: [Synth 8-3331] design imem has unconnected port pc[19]
WARNING: [Synth 8-3331] design imem has unconnected port pc[18]
WARNING: [Synth 8-3331] design imem has unconnected port pc[17]
WARNING: [Synth 8-3331] design imem has unconnected port pc[16]
WARNING: [Synth 8-3331] design imem has unconnected port pc[15]
WARNING: [Synth 8-3331] design imem has unconnected port pc[14]
WARNING: [Synth 8-3331] design imem has unconnected port pc[13]
WARNING: [Synth 8-3331] design imem has unconnected port pc[12]
WARNING: [Synth 8-3331] design imem has unconnected port pc[11]
WARNING: [Synth 8-3331] design imem has unconnected port pc[10]
WARNING: [Synth 8-3331] design imem has unconnected port pc[9]
WARNING: [Synth 8-3331] design imem has unconnected port pc[1]
WARNING: [Synth 8-3331] design imem has unconnected port pc[0]
WARNING: [Synth 8-3331] design datapath has unconnected port reset
WARNING: [Synth 8-3331] design datapath has unconnected port instr[31]
WARNING: [Synth 8-3331] design datapath has unconnected port instr[30]
WARNING: [Synth 8-3331] design datapath has unconnected port instr[29]
WARNING: [Synth 8-3331] design datapath has unconnected port instr[28]
WARNING: [Synth 8-3331] design datapath has unconnected port instr[27]
WARNING: [Synth 8-3331] design datapath has unconnected port instr[26]
---------------------------------------------------------------------------------
Finished RTL Elaboration : Time (s): cpu = 00:00:05 ; elapsed = 00:00:07 . Memory (MB): peak = 308.211 ; gain = 98.563
---------------------------------------------------------------------------------

Report Check Netlist: 
+------+------------------+-------+---------+-------+------------------+
|      |Item              |Errors |Warnings |Status |Description       |
+------+------------------+-------+---------+-------+------------------+
|1     |multi_driven_nets |      0|        0|Passed |Multi driven nets |
+------+------------------+-------+---------+-------+------------------+
WARNING: [Synth 8-3295] tying undriven pin c:Z to constant 0 [C:/Users/crmbi/Comp541/projectA/projectA.srcs/sources_1/imports/sources_1/imports/Desktop/mips.sv:27]
WARNING: [Synth 8-3295] tying undriven pin dp:Z to constant 0 [C:/Users/crmbi/Comp541/projectA/projectA.srcs/sources_1/imports/sources_1/imports/Desktop/mips.sv:31]
---------------------------------------------------------------------------------
Finished RTL Optimization Phase 1 : Time (s): cpu = 00:00:06 ; elapsed = 00:00:07 . Memory (MB): peak = 308.211 ; gain = 98.563
---------------------------------------------------------------------------------
INFO: [Netlist 29-17] Analyzing 6 Unisim elements for replacement
INFO: [Netlist 29-28] Unisim Transformation completed in 0 CPU seconds
INFO: [Device 21-403] Loading part xc7a100tcsg324-1
INFO: [Project 1-570] Preparing netlist for logic optimization

Processing XDC Constraints
Initializing timing engine
Parsing XDC File [C:/Users/crmbi/Comp541/projectA/projectA.srcs/constrs_1/imports/Desktop/clock.xdc]
Finished Parsing XDC File [C:/Users/crmbi/Comp541/projectA/projectA.srcs/constrs_1/imports/Desktop/clock.xdc]
INFO: [Project 1-236] Implementation specific constraints were found while reading constraint file [C:/Users/crmbi/Comp541/projectA/projectA.srcs/constrs_1/imports/Desktop/clock.xdc]. These constraints will be ignored for synthesis but will be used in implementation. Impacted constraints are listed in the file [.Xil/top_propImpl.xdc].
Resolution: To avoid this warning, move constraints listed in [.Xil/top_propImpl.xdc] to another XDC file and exclude this new file from synthesis with the used_in_synthesis property (File Properties dialog in GUI) and re-run elaboration/synthesis.
Parsing XDC File [C:/Users/crmbi/Comp541/projectA/projectA.srcs/constrs_1/imports/Desktop/vga.xdc]
Finished Parsing XDC File [C:/Users/crmbi/Comp541/projectA/projectA.srcs/constrs_1/imports/Desktop/vga.xdc]
INFO: [Project 1-236] Implementation specific constraints were found while reading constraint file [C:/Users/crmbi/Comp541/projectA/projectA.srcs/constrs_1/imports/Desktop/vga.xdc]. These constraints will be ignored for synthesis but will be used in implementation. Impacted constraints are listed in the file [.Xil/top_propImpl.xdc].
Resolution: To avoid this warning, move constraints listed in [.Xil/top_propImpl.xdc] to another XDC file and exclude this new file from synthesis with the used_in_synthesis property (File Properties dialog in GUI) and re-run elaboration/synthesis.
Parsing XDC File [C:/Users/crmbi/Comp541/projectA/projectA.srcs/constrs_1/imports/Desktop/reset.xdc]
Finished Parsing XDC File [C:/Users/crmbi/Comp541/projectA/projectA.srcs/constrs_1/imports/Desktop/reset.xdc]
INFO: [Project 1-236] Implementation specific constraints were found while reading constraint file [C:/Users/crmbi/Comp541/projectA/projectA.srcs/constrs_1/imports/Desktop/reset.xdc]. These constraints will be ignored for synthesis but will be used in implementation. Impacted constraints are listed in the file [.Xil/top_propImpl.xdc].
Resolution: To avoid this warning, move constraints listed in [.Xil/top_propImpl.xdc] to another XDC file and exclude this new file from synthesis with the used_in_synthesis property (File Properties dialog in GUI) and re-run elaboration/synthesis.
INFO: [Timing 38-2] Deriving generated clocks
Completed Processing XDC Constraints

INFO: [Project 1-111] Unisim Transformation Summary:
  A total of 6 instances were transformed.
  BUFGMUX => BUFGCTRL (inverted pins: CE0): 4 instances
  INV => LUT1: 1 instances
  MMCME2_BASE => MMCME2_ADV: 1 instances

Constraint Validation Runtime : Time (s): cpu = 00:00:00 ; elapsed = 00:00:00 . Memory (MB): peak = 627.145 ; gain = 0.000
---------------------------------------------------------------------------------
Finished Constraint Validation : Time (s): cpu = 00:00:15 ; elapsed = 00:00:16 . Memory (MB): peak = 627.145 ; gain = 417.496
---------------------------------------------------------------------------------
---------------------------------------------------------------------------------
Start Loading Part and Timing Information
---------------------------------------------------------------------------------
Loading part: xc7a100tcsg324-1
---------------------------------------------------------------------------------
Finished Loading Part and Timing Information : Time (s): cpu = 00:00:15 ; elapsed = 00:00:16 . Memory (MB): peak = 627.145 ; gain = 417.496
---------------------------------------------------------------------------------
---------------------------------------------------------------------------------
Start Applying 'set_property' XDC Constraints
---------------------------------------------------------------------------------
---------------------------------------------------------------------------------
Finished applying 'set_property' XDC Constraints : Time (s): cpu = 00:00:15 ; elapsed = 00:00:16 . Memory (MB): peak = 627.145 ; gain = 417.496
---------------------------------------------------------------------------------
---------------------------------------------------------------------------------
Finished RTL Optimization Phase 2 : Time (s): cpu = 00:00:15 ; elapsed = 00:00:17 . Memory (MB): peak = 627.145 ; gain = 417.496
---------------------------------------------------------------------------------

Report RTL Partitions: 
+-+--------------+------------+----------+
| |RTL Partition |Replication |Instances |
+-+--------------+------------+----------+
+-+--------------+------------+----------+
---------------------------------------------------------------------------------
Start RTL Component Statistics 
---------------------------------------------------------------------------------
Detailed RTL Component Info : 
+---Adders : 
	   2 Input     32 Bit       Adders := 2     
	   3 Input     13 Bit       Adders := 1     
	   2 Input     10 Bit       Adders := 2     
	   2 Input      3 Bit       Adders := 1     
	   2 Input      2 Bit       Adders := 1     
+---XORs : 
	   2 Input     32 Bit         XORs := 2     
	   2 Input      1 Bit         XORs := 66    
+---Registers : 
	               32 Bit    Registers := 1     
	               10 Bit    Registers := 2     
	                3 Bit    Registers := 1     
	                2 Bit    Registers := 1     
+---Muxes : 
	   2 Input     32 Bit        Muxes := 9     
	   5 Input     32 Bit        Muxes := 1     
	   4 Input     32 Bit        Muxes := 2     
	   3 Input     32 Bit        Muxes := 3     
	  15 Input     10 Bit        Muxes := 1     
	  16 Input     10 Bit        Muxes := 1     
	   2 Input     10 Bit        Muxes := 3     
	  15 Input      5 Bit        Muxes := 1     
	  12 Input      5 Bit        Muxes := 1     
	   3 Input      5 Bit        Muxes := 1     
	   2 Input      4 Bit        Muxes := 3     
	   2 Input      2 Bit        Muxes := 4     
	   2 Input      1 Bit        Muxes := 7     
---------------------------------------------------------------------------------
Finished RTL Component Statistics 
---------------------------------------------------------------------------------
---------------------------------------------------------------------------------
Start RTL Hierarchical Component Statistics 
---------------------------------------------------------------------------------
Hierarchical RTL Component report 
Module clockdivider_Nexys4 
Detailed RTL Component Info : 
+---Adders : 
	   2 Input      3 Bit       Adders := 1     
+---Registers : 
	                3 Bit    Registers := 1     
Module controller 
Detailed RTL Component Info : 
+---Muxes : 
	  15 Input     10 Bit        Muxes := 1     
	  16 Input     10 Bit        Muxes := 1     
	  15 Input      5 Bit        Muxes := 1     
	  12 Input      5 Bit        Muxes := 1     
	   2 Input      2 Bit        Muxes := 2     
	   2 Input      1 Bit        Muxes := 1     
Module register_file 
Detailed RTL Component Info : 
+---Muxes : 
	   2 Input     32 Bit        Muxes := 2     
Module fulladder 
Detailed RTL Component Info : 
+---XORs : 
	   2 Input      1 Bit         XORs := 2     
Module adder 
Detailed RTL Component Info : 
+---XORs : 
	   2 Input      1 Bit         XORs := 1     
Module addsub 
Detailed RTL Component Info : 
+---XORs : 
	   2 Input     32 Bit         XORs := 1     
Module shifter 
Detailed RTL Component Info : 
+---Muxes : 
	   2 Input     32 Bit        Muxes := 2     
Module logical 
Detailed RTL Component Info : 
+---XORs : 
	   2 Input     32 Bit         XORs := 1     
+---Muxes : 
	   5 Input     32 Bit        Muxes := 1     
Module comparator 
Detailed RTL Component Info : 
+---XORs : 
	   2 Input      1 Bit         XORs := 1     
+---Muxes : 
	   2 Input      1 Bit        Muxes := 1     
Module ALU 
Detailed RTL Component Info : 
+---Muxes : 
	   2 Input     32 Bit        Muxes := 3     
Module datapath 
Detailed RTL Component Info : 
+---Adders : 
	   2 Input     32 Bit       Adders := 2     
+---Registers : 
	               32 Bit    Registers := 1     
+---Muxes : 
	   4 Input     32 Bit        Muxes := 2     
	   2 Input     32 Bit        Muxes := 2     
	   3 Input     32 Bit        Muxes := 2     
	   3 Input      5 Bit        Muxes := 1     
Module memIO 
Detailed RTL Component Info : 
+---Muxes : 
	   3 Input     32 Bit        Muxes := 1     
	   2 Input      1 Bit        Muxes := 2     
Module xycounter 
Detailed RTL Component Info : 
+---Adders : 
	   2 Input     10 Bit       Adders := 2     
+---Registers : 
	               10 Bit    Registers := 2     
+---Muxes : 
	   2 Input     10 Bit        Muxes := 3     
	   2 Input      1 Bit        Muxes := 3     
Module vgatimer 
Detailed RTL Component Info : 
+---Adders : 
	   2 Input      2 Bit       Adders := 1     
+---Registers : 
	                2 Bit    Registers := 1     
+---Muxes : 
	   2 Input      2 Bit        Muxes := 2     
Module vgadisplaydriver 
Detailed RTL Component Info : 
+---Adders : 
	   3 Input     13 Bit       Adders := 1     
+---Muxes : 
	   2 Input      4 Bit        Muxes := 3     
---------------------------------------------------------------------------------
Finished RTL Hierarchical Component Statistics
---------------------------------------------------------------------------------
---------------------------------------------------------------------------------
Start Part Resource Summary
---------------------------------------------------------------------------------
Part Resources:
DSPs: 240 (col length:80)
BRAMs: 270 (col length: RAMB18 80 RAMB36 40)
---------------------------------------------------------------------------------
Finished Part Resource Summary
---------------------------------------------------------------------------------
---------------------------------------------------------------------------------
Start Cross Boundary and Area Optimization
---------------------------------------------------------------------------------
WARNING: [Synth 8-3331] design vgadisplaydriver has unconnected port charcode[3]
WARNING: [Synth 8-3331] design vgadisplaydriver has unconnected port charcode[2]
WARNING: [Synth 8-3331] design memIO has unconnected port mem_addr[31]
WARNING: [Synth 8-3331] design memIO has unconnected port mem_addr[30]
WARNING: [Synth 8-3331] design memIO has unconnected port mem_addr[29]
WARNING: [Synth 8-3331] design memIO has unconnected port mem_addr[28]
WARNING: [Synth 8-3331] design memIO has unconnected port mem_addr[27]
WARNING: [Synth 8-3331] design memIO has unconnected port mem_addr[26]
WARNING: [Synth 8-3331] design memIO has unconnected port mem_addr[25]
WARNING: [Synth 8-3331] design memIO has unconnected port mem_addr[24]
WARNING: [Synth 8-3331] design memIO has unconnected port mem_addr[23]
WARNING: [Synth 8-3331] design memIO has unconnected port mem_addr[22]
WARNING: [Synth 8-3331] design memIO has unconnected port mem_addr[21]
WARNING: [Synth 8-3331] design memIO has unconnected port mem_addr[20]
WARNING: [Synth 8-3331] design memIO has unconnected port mem_addr[19]
WARNING: [Synth 8-3331] design memIO has unconnected port mem_addr[18]
WARNING: [Synth 8-3331] design memIO has unconnected port mem_addr[15]
WARNING: [Synth 8-3331] design memIO has unconnected port mem_addr[14]
WARNING: [Synth 8-3331] design memIO has unconnected port mem_addr[13]
WARNING: [Synth 8-3331] design memIO has unconnected port mem_addr[1]
WARNING: [Synth 8-3331] design memIO has unconnected port mem_addr[0]
WARNING: [Synth 8-3331] design memIO has unconnected port smem_addr[31]
WARNING: [Synth 8-3331] design memIO has unconnected port smem_addr[30]
WARNING: [Synth 8-3331] design memIO has unconnected port smem_addr[29]
WARNING: [Synth 8-3331] design memIO has unconnected port smem_addr[28]
WARNING: [Synth 8-3331] design memIO has unconnected port smem_addr[27]
INFO: [Common 17-14] Message 'Synth 8-3331' appears 100 times and further instances of the messages will be disabled. Use the Tcl command set_msg_config to change the current settings.
---------------------------------------------------------------------------------
Finished Cross Boundary and Area Optimization : Time (s): cpu = 00:00:35 ; elapsed = 00:00:37 . Memory (MB): peak = 627.145 ; gain = 417.496
---------------------------------------------------------------------------------
---------------------------------------------------------------------------------
Start ROM, RAM, DSP and Shift Register Reporting
---------------------------------------------------------------------------------

ROM:
+-----------------+------------+---------------+----------------+
|Module Name      | RTL Object | Depth x Width | Implemented As | 
+-----------------+------------+---------------+----------------+
|imem             | p_0_out    | 128x32        | LUT            | 
|bitmapmem        | p_0_out    | 1024x12       | LUT            | 
|imem             | p_0_out    | 128x32        | LUT            | 
|vgadisplaydriver | p_0_out    | 1024x12       | LUT            | 
+-----------------+------------+---------------+----------------+


Distributed RAM: Preliminary Mapping  Report (see note below)
+------------+-----------------------+-----------+----------------------+----------------------------------------------+
|Module Name | RTL Object            | Inference | Size (Depth x Width) | Primitives                                   | 
+------------+-----------------------+-----------+----------------------+----------------------------------------------+
|top         | mips/dp/a/rf_reg      | Implied   | 32 x 32              | RAM32M x 12                                  | 
|top         | memIO/smemory/mem_reg | Implied   | 2 K x 4              | RAM16X1D x 4  RAM32X1D x 4  RAM128X1D x 36   | 
|top         | memIO/dmemory/mem_reg | Implied   | 64 x 32              | RAM64X1S x 32                                | 
+------------+-----------------------+-----------+----------------------+----------------------------------------------+

Note: The table above is a preliminary report that shows the Distributed RAMs at the current stage of the synthesis flow. Some Distributed RAMs may be reimplemented as non Distributed RAM primitives later in the synthesis flow. Multiple instantiated RAMs are reported only once.
---------------------------------------------------------------------------------
Finished ROM, RAM, DSP and Shift Register Reporting
---------------------------------------------------------------------------------

Report RTL Partitions: 
+-+--------------+------------+----------+
| |RTL Partition |Replication |Instances |
+-+--------------+------------+----------+
+-+--------------+------------+----------+
---------------------------------------------------------------------------------
Start Timing Optimization
---------------------------------------------------------------------------------
---------------------------------------------------------------------------------
Start Applying XDC Timing Constraints
---------------------------------------------------------------------------------
---------------------------------------------------------------------------------
Finished Applying XDC Timing Constraints : Time (s): cpu = 00:00:45 ; elapsed = 00:00:47 . Memory (MB): peak = 627.145 ; gain = 417.496
---------------------------------------------------------------------------------
---------------------------------------------------------------------------------
Finished Timing Optimization : Time (s): cpu = 00:00:45 ; elapsed = 00:00:48 . Memory (MB): peak = 627.145 ; gain = 417.496
---------------------------------------------------------------------------------

Report RTL Partitions: 
+-+--------------+------------+----------+
| |RTL Partition |Replication |Instances |
+-+--------------+------------+----------+
+-+--------------+------------+----------+
---------------------------------------------------------------------------------
Start Technology Mapping
---------------------------------------------------------------------------------
---------------------------------------------------------------------------------
Finished Technology Mapping : Time (s): cpu = 00:00:46 ; elapsed = 00:00:48 . Memory (MB): peak = 658.652 ; gain = 449.004
---------------------------------------------------------------------------------

Report RTL Partitions: 
+-+--------------+------------+----------+
| |RTL Partition |Replication |Instances |
+-+--------------+------------+----------+
+-+--------------+------------+----------+
---------------------------------------------------------------------------------
Start IO Insertion
---------------------------------------------------------------------------------
---------------------------------------------------------------------------------
Start Flattening Before IO Insertion
---------------------------------------------------------------------------------
---------------------------------------------------------------------------------
Finished Flattening Before IO Insertion
---------------------------------------------------------------------------------
---------------------------------------------------------------------------------
Start Final Netlist Cleanup
---------------------------------------------------------------------------------
---------------------------------------------------------------------------------
Finished Final Netlist Cleanup
---------------------------------------------------------------------------------
---------------------------------------------------------------------------------
Finished IO Insertion : Time (s): cpu = 00:00:47 ; elapsed = 00:00:49 . Memory (MB): peak = 658.652 ; gain = 449.004
---------------------------------------------------------------------------------

Report Check Netlist: 
+------+------------------+-------+---------+-------+------------------+
|      |Item              |Errors |Warnings |Status |Description       |
+------+------------------+-------+---------+-------+------------------+
|1     |multi_driven_nets |      0|        0|Passed |Multi driven nets |
+------+------------------+-------+---------+-------+------------------+
---------------------------------------------------------------------------------
Start Renaming Generated Instances
---------------------------------------------------------------------------------
---------------------------------------------------------------------------------
Finished Renaming Generated Instances : Time (s): cpu = 00:00:47 ; elapsed = 00:00:49 . Memory (MB): peak = 658.652 ; gain = 449.004
---------------------------------------------------------------------------------

Report RTL Partitions: 
+-+--------------+------------+----------+
| |RTL Partition |Replication |Instances |
+-+--------------+------------+----------+
+-+--------------+------------+----------+
---------------------------------------------------------------------------------
Start Rebuilding User Hierarchy
---------------------------------------------------------------------------------
---------------------------------------------------------------------------------
Finished Rebuilding User Hierarchy : Time (s): cpu = 00:00:47 ; elapsed = 00:00:49 . Memory (MB): peak = 658.652 ; gain = 449.004
---------------------------------------------------------------------------------
---------------------------------------------------------------------------------
Start Renaming Generated Ports
---------------------------------------------------------------------------------
---------------------------------------------------------------------------------
Finished Renaming Generated Ports : Time (s): cpu = 00:00:47 ; elapsed = 00:00:49 . Memory (MB): peak = 658.652 ; gain = 449.004
---------------------------------------------------------------------------------
---------------------------------------------------------------------------------
Start Handling Custom Attributes
---------------------------------------------------------------------------------
---------------------------------------------------------------------------------
Finished Handling Custom Attributes : Time (s): cpu = 00:00:47 ; elapsed = 00:00:49 . Memory (MB): peak = 658.652 ; gain = 449.004
---------------------------------------------------------------------------------
---------------------------------------------------------------------------------
Start Renaming Generated Nets
---------------------------------------------------------------------------------
---------------------------------------------------------------------------------
Finished Renaming Generated Nets : Time (s): cpu = 00:00:47 ; elapsed = 00:00:49 . Memory (MB): peak = 658.652 ; gain = 449.004
---------------------------------------------------------------------------------
---------------------------------------------------------------------------------
Start Writing Synthesis Report
---------------------------------------------------------------------------------

Report BlackBoxes: 
+-+--------------+----------+
| |BlackBox name |Instances |
+-+--------------+----------+
+-+--------------+----------+

Report Cell Usage: 
+------+------------+------+
|      |Cell        |Count |
+------+------------+------+
|1     |BUFG        |     2|
|2     |BUFGMUX     |     4|
|3     |CARRY4      |    19|
|4     |INV         |     1|
|5     |LUT1        |    36|
|6     |LUT2        |    42|
|7     |LUT3        |    87|
|8     |LUT4        |    82|
|9     |LUT5        |   204|
|10    |LUT6        |   525|
|11    |MMCME2_BASE |     1|
|12    |MUXF7       |    31|
|13    |RAM128X1D   |    36|
|14    |RAM16X1D    |     4|
|15    |RAM32M      |    12|
|16    |RAM32X1D    |     4|
|17    |RAM64X1S    |    32|
|18    |FDRE        |    57|
|19    |IBUF        |     1|
|20    |OBUF        |    14|
+------+------------+------+

Report Instance Areas: 
+------+---------------+--------------------+------+
|      |Instance       |Module              |Cells |
+------+---------------+--------------------+------+
|1     |top            |                    |  1194|
|2     |  imem         |imem                |    31|
|3     |  clkdv        |clockdivider_Nexys4 |    14|
|4     |  display      |vgadisplaydriver    |    82|
|5     |    myvgatimer |vgatimer            |    79|
|6     |      xy       |xycounter           |    75|
|7     |  memIO        |memIO               |    80|
|8     |    dmemory    |dmem                |    32|
|9     |    smemory    |screenmem           |    48|
|10    |  mips         |mips                |   971|
|11    |    dp         |datapath            |   971|
|12    |      a        |register_file       |   842|
+------+---------------+--------------------+------+
---------------------------------------------------------------------------------
Finished Writing Synthesis Report : Time (s): cpu = 00:00:47 ; elapsed = 00:00:49 . Memory (MB): peak = 658.652 ; gain = 449.004
---------------------------------------------------------------------------------
Synthesis finished with 0 errors, 0 critical warnings and 68 warnings.
Synthesis Optimization Runtime : Time (s): cpu = 00:00:36 ; elapsed = 00:00:41 . Memory (MB): peak = 658.652 ; gain = 130.070
Synthesis Optimization Complete : Time (s): cpu = 00:00:47 ; elapsed = 00:00:50 . Memory (MB): peak = 658.652 ; gain = 449.004
INFO: [Project 1-571] Translating synthesized netlist
INFO: [Netlist 29-17] Analyzing 114 Unisim elements for replacement
INFO: [Netlist 29-28] Unisim Transformation completed in 0 CPU seconds
INFO: [Project 1-570] Preparing netlist for logic optimization
INFO: [Opt 31-138] Pushed 0 inverter(s) to 0 load pin(s).
INFO: [Project 1-111] Unisim Transformation Summary:
  A total of 94 instances were transformed.
  BUFGMUX => BUFGCTRL (inverted pins: CE0): 4 instances
  INV => LUT1: 1 instances
  MMCME2_BASE => MMCME2_ADV: 1 instances
  RAM128X1D => RAM128X1D (RAMD64E, RAMD64E, MUXF7, MUXF7, RAMD64E, RAMD64E): 36 instances
  RAM16X1D => RAM32X1D (RAMD32, RAMD32): 4 instances
  RAM32M => RAM32M (RAMD32, RAMD32, RAMD32, RAMD32, RAMD32, RAMD32, RAMS32, RAMS32): 12 instances
  RAM32X1D => RAM32X1D (RAMD32, RAMD32): 4 instances
  RAM64X1S => RAM64X1S (RAMS64E): 32 instances

INFO: [Common 17-83] Releasing license: Synthesis
96 Infos, 110 Warnings, 0 Critical Warnings and 0 Errors encountered.
synth_design completed successfully
synth_design: Time (s): cpu = 00:00:48 ; elapsed = 00:00:49 . Memory (MB): peak = 658.652 ; gain = 449.004
INFO: [Common 17-1381] The checkpoint 'C:/Users/crmbi/Comp541/projectA/projectA.runs/synth_1/top.dcp' has been generated.
report_utilization: Time (s): cpu = 00:00:00 ; elapsed = 00:00:00.031 . Memory (MB): peak = 658.652 ; gain = 0.000
INFO: [Common 17-206] Exiting Vivado at Thu Apr 20 18:09:59 2017...
